<?xml version="1.0" encoding="UTF-8"?>
<testng-results skipped="0" failed="0" total="6" passed="6">
  <reporter-output>
  </reporter-output>
  <suite name="Surefire suite" duration-ms="47" started-at="2019-09-26T19:28:13Z" finished-at="2019-09-26T19:28:13Z">
    <groups>
    </groups>
    <test name="Surefire test" duration-ms="47" started-at="2019-09-26T19:28:13Z" finished-at="2019-09-26T19:28:13Z">
      <class name="qaclickacademy.AppiumTest">
        <test-method status="PASS" signature="IOSApp()[pri:0, instance:qaclickacademy.AppiumTest@366e2eef]" name="IOSApp" duration-ms="12" started-at="2019-09-26T14:28:13Z" finished-at="2019-09-26T14:28:13Z">
          <reporter-output>
          </reporter-output>
        </test-method> <!-- IOSApp -->
        <test-method status="PASS" signature="NativeAppANdroid()[pri:0, instance:qaclickacademy.AppiumTest@366e2eef]" name="NativeAppANdroid" duration-ms="3" started-at="2019-09-26T14:28:13Z" finished-at="2019-09-26T14:28:13Z">
          <reporter-output>
          </reporter-output>
        </test-method> <!-- NativeAppANdroid -->
      </class> <!-- qaclickacademy.AppiumTest -->
      <class name="qaclickacademy.RESTAPITest">
        <test-method status="PASS" signature="deleteTwitter()[pri:0, instance:qaclickacademy.RESTAPITest@2cb4c3ab]" name="deleteTwitter" duration-ms="2" started-at="2019-09-26T14:28:13Z" finished-at="2019-09-26T14:28:13Z">
          <reporter-output>
          </reporter-output>
        </test-method> <!-- deleteTwitter -->
        <test-method status="PASS" signature="postJira()[pri:0, instance:qaclickacademy.RESTAPITest@2cb4c3ab]" name="postJira" duration-ms="0" started-at="2019-09-26T14:28:13Z" finished-at="2019-09-26T14:28:13Z">
          <reporter-output>
          </reporter-output>
        </test-method> <!-- postJira -->
      </class> <!-- qaclickacademy.RESTAPITest -->
      <class name="qaclickacademy.SeleniumTest">
        <test-method status="PASS" signature="BrowserAutomation()[pri:0, instance:qaclickacademy.SeleniumTest@13c78c0b]" name="BrowserAutomation" duration-ms="1" started-at="2019-09-26T14:28:13Z" finished-at="2019-09-26T14:28:13Z">
          <reporter-output>
          </reporter-output>
        </test-method> <!-- BrowserAutomation -->
        <test-method status="PASS" signature="elementsUI()[pri:0, instance:qaclickacademy.SeleniumTest@13c78c0b]" name="elementsUI" duration-ms="1" started-at="2019-09-26T14:28:13Z" finished-at="2019-09-26T14:28:13Z">
          <reporter-output>
          </reporter-output>
        </test-method> <!-- elementsUI -->
      </class> <!-- qaclickacademy.SeleniumTest -->
    </test> <!-- Surefire test -->
  </suite> <!-- Surefire suite -->
</testng-results>
