<?xml version="1.0" encoding="UTF-8"?>
<!-- Generated by org.testng.reporters.JUnitXMLReporter -->
<testsuite hostname="Rohits-MacBook-Pro.local" name="Surefire test" tests="6" failures="0" timestamp="26 Sep 2019 19:28:13 GMT" time="0.047" errors="0">
  <testcase name="IOSApp" time="0.012" classname="qaclickacademy.AppiumTest"/>
  <testcase name="NativeAppANdroid" time="0.003" classname="qaclickacademy.AppiumTest"/>
  <testcase name="deleteTwitter" time="0.002" classname="qaclickacademy.RESTAPITest"/>
  <testcase name="postJira" time="0.0" classname="qaclickacademy.RESTAPITest"/>
  <testcase name="BrowserAutomation" time="0.001" classname="qaclickacademy.SeleniumTest"/>
  <testcase name="elementsUI" time="0.001" classname="qaclickacademy.SeleniumTest"/>
</testsuite> <!-- Surefire test -->
