<?xml version="1.0" encoding="UTF-8"?>
<testng-results skipped="0" failed="0" ignored="0" total="6" passed="6">
  <reporter-output>
  </reporter-output>
  <suite name="Suite" duration-ms="165" started-at="2019-09-25T13:55:33 CDT" finished-at="2019-09-25T13:55:33 CDT">
    <groups>
    </groups>
    <test name="Test" duration-ms="165" started-at="2019-09-25T13:55:33 CDT" finished-at="2019-09-25T13:55:33 CDT">
      <class name="qaclickacademy.AppiumTest">
        <test-method status="PASS" signature="IOSApp()[pri:0, instance:qaclickacademy.AppiumTest@184f6be2]" name="IOSApp" duration-ms="23" started-at="2019-09-25T13:55:33 CDT" finished-at="2019-09-25T13:55:33 CDT">
          <reporter-output>
          </reporter-output>
        </test-method> <!-- IOSApp -->
        <test-method status="PASS" signature="NativeAppANdroid()[pri:0, instance:qaclickacademy.AppiumTest@184f6be2]" name="NativeAppANdroid" duration-ms="2" started-at="2019-09-25T13:55:33 CDT" finished-at="2019-09-25T13:55:33 CDT">
          <reporter-output>
          </reporter-output>
        </test-method> <!-- NativeAppANdroid -->
      </class> <!-- qaclickacademy.AppiumTest -->
      <class name="qaclickacademy.RESTAPITest">
        <test-method status="PASS" signature="deleteTwitter()[pri:0, instance:qaclickacademy.RESTAPITest@1f7030a6]" name="deleteTwitter" duration-ms="9" started-at="2019-09-25T13:55:33 CDT" finished-at="2019-09-25T13:55:33 CDT">
          <reporter-output>
          </reporter-output>
        </test-method> <!-- deleteTwitter -->
        <test-method status="PASS" signature="postJira()[pri:0, instance:qaclickacademy.RESTAPITest@1f7030a6]" name="postJira" duration-ms="4" started-at="2019-09-25T13:55:33 CDT" finished-at="2019-09-25T13:55:33 CDT">
          <reporter-output>
          </reporter-output>
        </test-method> <!-- postJira -->
      </class> <!-- qaclickacademy.RESTAPITest -->
      <class name="qaclickacademy.SeleniumTest">
        <test-method status="PASS" signature="BrowserAutomation()[pri:0, instance:qaclickacademy.SeleniumTest@56aac163]" name="BrowserAutomation" duration-ms="4" started-at="2019-09-25T13:55:33 CDT" finished-at="2019-09-25T13:55:33 CDT">
          <reporter-output>
          </reporter-output>
        </test-method> <!-- BrowserAutomation -->
        <test-method status="PASS" signature="elementsUI()[pri:0, instance:qaclickacademy.SeleniumTest@56aac163]" name="elementsUI" duration-ms="2" started-at="2019-09-25T13:55:33 CDT" finished-at="2019-09-25T13:55:33 CDT">
          <reporter-output>
          </reporter-output>
        </test-method> <!-- elementsUI -->
      </class> <!-- qaclickacademy.SeleniumTest -->
    </test> <!-- Test -->
  </suite> <!-- Suite -->
</testng-results>
