<?xml version="1.0" encoding="UTF-8"?>
<!-- Generated by org.testng.reporters.JUnitXMLReporter -->
<testsuite hostname="Rohits-MacBook-Pro.local" ignored="0" name="Test" tests="6" failures="0" timestamp="2019-09-25T13:55:34 CDT" time="0.165" errors="0">
  <testcase name="IOSApp" time="0.023" classname="qaclickacademy.AppiumTest"/>
  <testcase name="NativeAppANdroid" time="0.002" classname="qaclickacademy.AppiumTest"/>
  <testcase name="BrowserAutomation" time="0.004" classname="qaclickacademy.SeleniumTest"/>
  <testcase name="elementsUI" time="0.002" classname="qaclickacademy.SeleniumTest"/>
  <testcase name="deleteTwitter" time="0.009" classname="qaclickacademy.RESTAPITest"/>
  <testcase name="postJira" time="0.004" classname="qaclickacademy.RESTAPITest"/>
</testsuite> <!-- Test -->
